# JRE version: OpenJDK Runtime Environment Temurin-21.0.7+6 (21.0.7+6) (build 21.0.7+6-LTS)
# Java VM: OpenJDK 64-Bit Server VM Temurin-21.0.7+6 (21.0.7+6-LTS, mixed mode, sharing, tiered, compressed oops, compressed class ptrs, parallel gc, windows-amd64)
GC Precious Log:
 CardTable entry size: 512
 CPUs: 4 total, 4 available
 Memory: 8072M
 Large Page Support: Disabled
 NUMA Support: Disabled
 Compressed Oops: Enabled (32-bit)
 Alignments: Space 512K, Generation 512K, Heap 2M
 Heap Min Capacity: 100M
 Heap Initial Capacity: 100M
 Heap Max Capacity: 1G
 Pre-touch: Disabled
 Parallel Workers: 4
Heap:
 PSYoungGen      total 14848K, used 8992K [0x00000000eab00000, 0x00000000ebb00000, 0x0000000100000000)
  eden space 13824K, 59% used [0x00000000eab00000,0x00000000eb310190,0x00000000eb880000)
  from space 1024K, 71% used [0x00000000eb880000,0x00000000eb938000,0x00000000eb980000)
  to   space 1024K, 0% used [0x00000000eba00000,0x00000000eba00000,0x00000000ebb00000)
 ParOldGen       total 68608K, used 32342K [0x00000000c0000000, 0x00000000c4300000, 0x00000000eab00000)
  object space 68608K, 47% used [0x00000000c0000000,0x00000000c1f95b90,0x00000000c4300000)
 Metaspace       used 32451K, committed 33472K, reserved 1114112K
  class space    used 3223K, committed 3648K, reserved 1048576K
GC Heap History (20 events):
Event: 26.322 GC heap before
{Heap before GC invocations=9 (full 0):
 PSYoungGen      total 22016K, used 21638K [0x00000000eab00000, 0x00000000ecb00000, 0x0000000100000000)
  eden space 13824K, 99% used [0x00000000eab00000,0x00000000eb87d5e8,0x00000000eb880000)
  from space 8192K, 95% used [0x00000000ec300000,0x00000000ecaa4538,0x00000000ecb00000)
  to   space 8704K, 0% used [0x00000000eba00000,0x00000000eba00000,0x00000000ec280000)
 ParOldGen       total 68608K, used 19792K [0x00000000c0000000, 0x00000000c4300000, 0x00000000eab00000)
  object space 68608K, 28% used [0x00000000c0000000,0x00000000c13543e0,0x00000000c4300000)
 Metaspace       used 19135K, committed 20032K, reserved 1114112K
  class space    used 1930K, committed 2304K, reserved 1048576K
}
Event: 26.333 GC heap after
{Heap after GC invocations=9 (full 0):
 PSYoungGen      total 18944K, used 5110K [0x00000000eab00000, 0x00000000ec580000, 0x0000000100000000)
  eden space 13824K, 0% used [0x00000000eab00000,0x00000000eab00000,0x00000000eb880000)
  from space 5120K, 99% used [0x00000000eba00000,0x00000000ebefd968,0x00000000ebf00000)
  to   space 6656K, 0% used [0x00000000ebf00000,0x00000000ebf00000,0x00000000ec580000)
 ParOldGen       total 68608K, used 22664K [0x00000000c0000000, 0x00000000c4300000, 0x00000000eab00000)
  object space 68608K, 33% used [0x00000000c0000000,0x00000000c1622020,0x00000000c4300000)
 Metaspace       used 19135K, committed 20032K, reserved 1114112K
  class space    used 1930K, committed 2304K, reserved 1048576K
}
Event: 26.658 GC heap before
{Heap before GC invocations=10 (full 0):
 PSYoungGen      total 18944K, used 18934K [0x00000000eab00000, 0x00000000ec580000, 0x0000000100000000)
  eden space 13824K, 100% used [0x00000000eab00000,0x00000000eb880000,0x00000000eb880000)
  from space 5120K, 99% used [0x00000000eba00000,0x00000000ebefd968,0x00000000ebf00000)
  to   space 6656K, 0% used [0x00000000ebf00000,0x00000000ebf00000,0x00000000ec580000)
 ParOldGen       total 68608K, used 22664K [0x00000000c0000000, 0x00000000c4300000, 0x00000000eab00000)
  object space 68608K, 33% used [0x00000000c0000000,0x00000000c1622020,0x00000000c4300000)
 Metaspace       used 20663K, committed 21504K, reserved 1114112K
  class space    used 2104K, committed 2496K, reserved 1048576K
}
Event: 26.666 GC heap after
{Heap after GC invocations=10 (full 0):
 PSYoungGen      total 15872K, used 1976K [0x00000000eab00000, 0x00000000ec100000, 0x0000000100000000)
  eden space 13824K, 0% used [0x00000000eab00000,0x00000000eab00000,0x00000000eb880000)
  from space 2048K, 96% used [0x00000000ebf00000,0x00000000ec0ee378,0x00000000ec100000)
  to   space 3584K, 0% used [0x00000000eba00000,0x00000000eba00000,0x00000000ebd80000)
 ParOldGen       total 68608K, used 26299K [0x00000000c0000000, 0x00000000c4300000, 0x00000000eab00000)
  object space 68608K, 38% used [0x00000000c0000000,0x00000000c19aee18,0x00000000c4300000)
 Metaspace       used 20663K, committed 21504K, reserved 1114112K
  class space    used 2104K, committed 2496K, reserved 1048576K
}
Event: 26.666 GC heap before
{Heap before GC invocations=11 (full 1):
 PSYoungGen      total 15872K, used 1976K [0x00000000eab00000, 0x00000000ec100000, 0x0000000100000000)
  eden space 13824K, 0% used [0x00000000eab00000,0x00000000eab00000,0x00000000eb880000)
  from space 2048K, 96% used [0x00000000ebf00000,0x00000000ec0ee378,0x00000000ec100000)
  to   space 3584K, 0% used [0x00000000eba00000,0x00000000eba00000,0x00000000ebd80000)
 ParOldGen       total 68608K, used 26299K [0x00000000c0000000, 0x00000000c4300000, 0x00000000eab00000)
  object space 68608K, 38% used [0x00000000c0000000,0x00000000c19aee18,0x00000000c4300000)
 Metaspace       used 20663K, committed 21504K, reserved 1114112K
  class space    used 2104K, committed 2496K, reserved 1048576K
}
Event: 26.800 GC heap after
{Heap after GC invocations=11 (full 1):
 PSYoungGen      total 15872K, used 0K [0x00000000eab00000, 0x00000000ec100000, 0x0000000100000000)
  eden space 13824K, 0% used [0x00000000eab00000,0x00000000eab00000,0x00000000eb880000)
  from space 2048K, 0% used [0x00000000ebf00000,0x00000000ebf00000,0x00000000ec100000)
  to   space 3584K, 0% used [0x00000000eba00000,0x00000000eba00000,0x00000000ebd80000)
 ParOldGen       total 68608K, used 27271K [0x00000000c0000000, 0x00000000c4300000, 0x00000000eab00000)
  object space 68608K, 39% used [0x00000000c0000000,0x00000000c1aa1ec0,0x00000000c4300000)
 Metaspace       used 20651K, committed 21504K, reserved 1114112K
  class space    used 2101K, committed 2496K, reserved 1048576K
}
Event: 27.017 GC heap before
{Heap before GC invocations=12 (full 1):
 PSYoungGen      total 15872K, used 13639K [0x00000000eab00000, 0x00000000ec100000, 0x0000000100000000)
  eden space 13824K, 98% used [0x00000000eab00000,0x00000000eb851ec0,0x00000000eb880000)
  from space 2048K, 0% used [0x00000000ebf00000,0x00000000ebf00000,0x00000000ec100000)
  to   space 3584K, 0% used [0x00000000eba00000,0x00000000eba00000,0x00000000ebd80000)
 ParOldGen       total 68608K, used 27271K [0x00000000c0000000, 0x00000000c4300000, 0x00000000eab00000)
  object space 68608K, 39% used [0x00000000c0000000,0x00000000c1aa1ec0,0x00000000c4300000)
 Metaspace       used 21959K, committed 22784K, reserved 1114112K
  class space    used 2200K, committed 2560K, reserved 1048576K
}
Event: 27.020 GC heap after
{Heap after GC invocations=12 (full 1):
 PSYoungGen      total 16384K, used 2503K [0x00000000eab00000, 0x00000000ebf80000, 0x0000000100000000)
  eden space 13824K, 0% used [0x00000000eab00000,0x00000000eab00000,0x00000000eb880000)
  from space 2560K, 97% used [0x00000000eba00000,0x00000000ebc71ef0,0x00000000ebc80000)
  to   space 3072K, 0% used [0x00000000ebc80000,0x00000000ebc80000,0x00000000ebf80000)
 ParOldGen       total 68608K, used 27271K [0x00000000c0000000, 0x00000000c4300000, 0x00000000eab00000)
  object space 68608K, 39% used [0x00000000c0000000,0x00000000c1aa1ec0,0x00000000c4300000)
 Metaspace       used 21959K, committed 22784K, reserved 1114112K
  class space    used 2200K, committed 2560K, reserved 1048576K
}
Event: 27.188 GC heap before
{Heap before GC invocations=13 (full 1):
 PSYoungGen      total 16384K, used 16327K [0x00000000eab00000, 0x00000000ebf80000, 0x0000000100000000)
  eden space 13824K, 100% used [0x00000000eab00000,0x00000000eb880000,0x00000000eb880000)
  from space 2560K, 97% used [0x00000000eba00000,0x00000000ebc71ef0,0x00000000ebc80000)
  to   space 3072K, 0% used [0x00000000ebc80000,0x00000000ebc80000,0x00000000ebf80000)
 ParOldGen       total 68608K, used 27271K [0x00000000c0000000, 0x00000000c4300000, 0x00000000eab00000)
  object space 68608K, 39% used [0x00000000c0000000,0x00000000c1aa1ec0,0x00000000c4300000)
 Metaspace       used 23726K, committed 24576K, reserved 1114112K
  class space    used 2295K, committed 2688K, reserved 1048576K
}
Event: 27.190 GC heap after
{Heap after GC invocations=13 (full 1):
 PSYoungGen      total 14336K, used 387K [0x00000000eab00000, 0x00000000ebd00000, 0x0000000100000000)
  eden space 13824K, 0% used [0x00000000eab00000,0x00000000eab00000,0x00000000eb880000)
  from space 512K, 75% used [0x00000000ebc80000,0x00000000ebce0e00,0x00000000ebd00000)
  to   space 1536K, 0% used [0x00000000eba00000,0x00000000eba00000,0x00000000ebb80000)
 ParOldGen       total 68608K, used 27692K [0x00000000c0000000, 0x00000000c4300000, 0x00000000eab00000)
  object space 68608K, 40% used [0x00000000c0000000,0x00000000c1b0b3c8,0x00000000c4300000)
 Metaspace       used 23726K, committed 24576K, reserved 1114112K
  class space    used 2295K, committed 2688K, reserved 1048576K
}
Event: 27.398 GC heap before
{Heap before GC invocations=14 (full 1):
 PSYoungGen      total 14336K, used 13915K [0x00000000eab00000, 0x00000000ebd00000, 0x0000000100000000)
  eden space 13824K, 97% used [0x00000000eab00000,0x00000000eb835f08,0x00000000eb880000)
  from space 512K, 75% used [0x00000000ebc80000,0x00000000ebce0e00,0x00000000ebd00000)
  to   space 1536K, 0% used [0x00000000eba00000,0x00000000eba00000,0x00000000ebb80000)
 ParOldGen       total 68608K, used 27692K [0x00000000c0000000, 0x00000000c4300000, 0x00000000eab00000)
  object space 68608K, 40% used [0x00000000c0000000,0x00000000c1b0b3c8,0x00000000c4300000)
 Metaspace       used 25254K, committed 26112K, reserved 1114112K
  class space    used 2442K, committed 2816K, reserved 1048576K
}
Event: 27.400 GC heap after
{Heap after GC invocations=14 (full 1):
 PSYoungGen      total 15360K, used 1515K [0x00000000eab00000, 0x00000000ebe80000, 0x0000000100000000)
  eden space 13824K, 0% used [0x00000000eab00000,0x00000000eab00000,0x00000000eb880000)
  from space 1536K, 98% used [0x00000000eba00000,0x00000000ebb7af70,0x00000000ebb80000)
  to   space 3072K, 0% used [0x00000000ebb80000,0x00000000ebb80000,0x00000000ebe80000)
 ParOldGen       total 68608K, used 28565K [0x00000000c0000000, 0x00000000c4300000, 0x00000000eab00000)
  object space 68608K, 41% used [0x00000000c0000000,0x00000000c1be5418,0x00000000c4300000)
 Metaspace       used 25254K, committed 26112K, reserved 1114112K
  class space    used 2442K, committed 2816K, reserved 1048576K
}
Event: 27.567 GC heap before
{Heap before GC invocations=15 (full 1):
 PSYoungGen      total 15360K, used 15339K [0x00000000eab00000, 0x00000000ebe80000, 0x0000000100000000)
  eden space 13824K, 100% used [0x00000000eab00000,0x00000000eb880000,0x00000000eb880000)
  from space 1536K, 98% used [0x00000000eba00000,0x00000000ebb7af70,0x00000000ebb80000)
  to   space 3072K, 0% used [0x00000000ebb80000,0x00000000ebb80000,0x00000000ebe80000)
 ParOldGen       total 68608K, used 28565K [0x00000000c0000000, 0x00000000c4300000, 0x00000000eab00000)
  object space 68608K, 41% used [0x00000000c0000000,0x00000000c1be5418,0x00000000c4300000)
 Metaspace       used 26378K, committed 27200K, reserved 1114112K
  class space    used 2504K, committed 2880K, reserved 1048576K
}
Event: 27.570 GC heap after
{Heap after GC invocations=15 (full 1):
 PSYoungGen      total 15872K, used 1896K [0x00000000eab00000, 0x00000000ebd80000, 0x0000000100000000)
  eden space 13824K, 0% used [0x00000000eab00000,0x00000000eab00000,0x00000000eb880000)
  from space 2048K, 92% used [0x00000000ebb80000,0x00000000ebd5a2b0,0x00000000ebd80000)
  to   space 2560K, 0% used [0x00000000eb880000,0x00000000eb880000,0x00000000ebb00000)
 ParOldGen       total 68608K, used 29464K [0x00000000c0000000, 0x00000000c4300000, 0x00000000eab00000)
  object space 68608K, 42% used [0x00000000c0000000,0x00000000c1cc6390,0x00000000c4300000)
 Metaspace       used 26378K, committed 27200K, reserved 1114112K
  class space    used 2504K, committed 2880K, reserved 1048576K
}
Event: 27.774 GC heap before
{Heap before GC invocations=16 (full 1):
 PSYoungGen      total 15872K, used 15714K [0x00000000eab00000, 0x00000000ebd80000, 0x0000000100000000)
  eden space 13824K, 99% used [0x00000000eab00000,0x00000000eb87e6c8,0x00000000eb880000)
  from space 2048K, 92% used [0x00000000ebb80000,0x00000000ebd5a2b0,0x00000000ebd80000)
  to   space 2560K, 0% used [0x00000000eb880000,0x00000000eb880000,0x00000000ebb00000)
 ParOldGen       total 68608K, used 29464K [0x00000000c0000000, 0x00000000c4300000, 0x00000000eab00000)
  object space 68608K, 42% used [0x00000000c0000000,0x00000000c1cc6390,0x00000000c4300000)
 Metaspace       used 27610K, committed 28480K, reserved 1114112K
  class space    used 2617K, committed 3008K, reserved 1048576K
}
Event: 27.778 GC heap after
{Heap after GC invocations=16 (full 1):
 PSYoungGen      total 14848K, used 692K [0x00000000eab00000, 0x00000000ebc00000, 0x0000000100000000)
  eden space 13824K, 0% used [0x00000000eab00000,0x00000000eab00000,0x00000000eb880000)
  from space 1024K, 67% used [0x00000000eb880000,0x00000000eb92d140,0x00000000eb980000)
  to   space 1536K, 0% used [0x00000000eba80000,0x00000000eba80000,0x00000000ebc00000)
 ParOldGen       total 68608K, used 31229K [0x00000000c0000000, 0x00000000c4300000, 0x00000000eab00000)
  object space 68608K, 45% used [0x00000000c0000000,0x00000000c1e7f5a0,0x00000000c4300000)
 Metaspace       used 27610K, committed 28480K, reserved 1114112K
  class space    used 2617K, committed 3008K, reserved 1048576K
}
Event: 27.938 GC heap before
{Heap before GC invocations=17 (full 1):
 PSYoungGen      total 14848K, used 14516K [0x00000000eab00000, 0x00000000ebc00000, 0x0000000100000000)
  eden space 13824K, 100% used [0x00000000eab00000,0x00000000eb880000,0x00000000eb880000)
  from space 1024K, 67% used [0x00000000eb880000,0x00000000eb92d140,0x00000000eb980000)
  to   space 1536K, 0% used [0x00000000eba80000,0x00000000eba80000,0x00000000ebc00000)
 ParOldGen       total 68608K, used 31229K [0x00000000c0000000, 0x00000000c4300000, 0x00000000eab00000)
  object space 68608K, 45% used [0x00000000c0000000,0x00000000c1e7f5a0,0x00000000c4300000)
 Metaspace       used 29887K, committed 30720K, reserved 1114112K
  class space    used 2867K, committed 3200K, reserved 1048576K
}
Event: 27.941 GC heap after
{Heap after GC invocations=17 (full 1):
 PSYoungGen      total 14848K, used 741K [0x00000000eab00000, 0x00000000ebb80000, 0x0000000100000000)
  eden space 13824K, 0% used [0x00000000eab00000,0x00000000eab00000,0x00000000eb880000)
  from space 1024K, 72% used [0x00000000eba80000,0x00000000ebb39680,0x00000000ebb80000)
  to   space 1024K, 0% used [0x00000000eb880000,0x00000000eb880000,0x00000000eb980000)
 ParOldGen       total 68608K, used 31701K [0x00000000c0000000, 0x00000000c4300000, 0x00000000eab00000)
  object space 68608K, 46% used [0x00000000c0000000,0x00000000c1ef55e0,0x00000000c4300000)
 Metaspace       used 29887K, committed 30720K, reserved 1114112K
  class space    used 2867K, committed 3200K, reserved 1048576K
}
Event: 28.124 GC heap before
{Heap before GC invocations=18 (full 1):
 PSYoungGen      total 14848K, used 14565K [0x00000000eab00000, 0x00000000ebb80000, 0x0000000100000000)
  eden space 13824K, 100% used [0x00000000eab00000,0x00000000eb880000,0x00000000eb880000)
  from space 1024K, 72% used [0x00000000eba80000,0x00000000ebb39680,0x00000000ebb80000)
  to   space 1024K, 0% used [0x00000000eb880000,0x00000000eb880000,0x00000000eb980000)
 ParOldGen       total 68608K, used 31701K [0x00000000c0000000, 0x00000000c4300000, 0x00000000eab00000)
  object space 68608K, 46% used [0x00000000c0000000,0x00000000c1ef55e0,0x00000000c4300000)
 Metaspace       used 31830K, committed 32896K, reserved 1114112K
  class space    used 3142K, committed 3584K, reserved 1048576K
}
Event: 28.126 GC heap after
{Heap after GC invocations=18 (full 1):
 PSYoungGen      total 14848K, used 736K [0x00000000eab00000, 0x00000000ebb00000, 0x0000000100000000)
  eden space 13824K, 0% used [0x00000000eab00000,0x00000000eab00000,0x00000000eb880000)
  from space 1024K, 71% used [0x00000000eb880000,0x00000000eb938000,0x00000000eb980000)
  to   space 1024K, 0% used [0x00000000eba00000,0x00000000eba00000,0x00000000ebb00000)
 ParOldGen       total 68608K, used 32342K [0x00000000c0000000, 0x00000000c4300000, 0x00000000eab00000)
  object space 68608K, 47% used [0x00000000c0000000,0x00000000c1f95b90,0x00000000c4300000)
 Metaspace       used 31830K, committed 32896K, reserved 1114112K
  class space    used 3142K, committed 3584K, reserved 1048576K
}

